-------------------------------------------------------------------------------
Test set: seviceTest.AccountServiceTest
-------------------------------------------------------------------------------
Tests run: 3, Failures: 3, Errors: 0, Skipped: 0, Time elapsed: 0.002 sec <<< FAILURE!
seviceTest.AccountServiceTest.testDepositAccountNotFound()  Time elapsed: 0 sec  <<< FAILURE!
java.lang.NullPointerException: Cannot invoke "com.example.accountservice.repository.AccountRepository.findByIdForUpdate(java.lang.Long)" because "this.accountRepository" is null
	at seviceTest.AccountServiceTest.testDepositAccountNotFound(AccountServiceTest.java:87)

seviceTest.AccountServiceTest.testDeposit()  Time elapsed: 0 sec  <<< FAILURE!
java.lang.NullPointerException: Cannot invoke "com.example.accountservice.repository.AccountRepository.findByIdForUpdate(java.lang.Long)" because "this.accountRepository" is null
	at seviceTest.AccountServiceTest.testDeposit(AccountServiceTest.java:71)

seviceTest.AccountServiceTest.testCreateAccount()  Time elapsed: 0 sec  <<< FAILURE!
java.lang.NullPointerException: Cannot invoke "com.example.accountservice.repository.UserRepository.findById(Object)" because "this.userRepository" is null
	at seviceTest.AccountServiceTest.testCreateAccount(AccountServiceTest.java:49)

