-------------------------------------------------------------------------------
Test set: seviceTest.UserServiceTest
-------------------------------------------------------------------------------
Tests run: 3, Failures: 3, Errors: 0, Skipped: 0, Time elapsed: 0.001 sec <<< FAILURE!
seviceTest.UserServiceTest.testGetUserById()  Time elapsed: 0 sec  <<< FAILURE!
java.lang.NullPointerException: Cannot invoke "com.example.accountservice.repository.UserRepository.findById(Object)" because "this.userRepository" is null
	at seviceTest.UserServiceTest.testGetUserById(UserServiceTest.java:54)

seviceTest.UserServiceTest.testCreateUser()  Time elapsed: 0 sec  <<< FAILURE!
java.lang.NullPointerException: Cannot invoke "com.example.accountservice.repository.UserRepository.save(Object)" because "this.userRepository" is null
	at seviceTest.UserServiceTest.testCreateUser(UserServiceTest.java:36)

seviceTest.UserServiceTest.testGetUserByIdNotFound()  Time elapsed: 0 sec  <<< FAILURE!
java.lang.NullPointerException: Cannot invoke "com.example.accountservice.repository.UserRepository.findById(Object)" because "this.userRepository" is null
	at seviceTest.UserServiceTest.testGetUserByIdNotFound(UserServiceTest.java:68)

