-------------------------------------------------------------------------------
Test set: seviceTest.TransactionServiceTest
-------------------------------------------------------------------------------
Tests run: 3, Failures: 3, Errors: 0, Skipped: 0, Time elapsed: 0.001 sec <<< FAILURE!
seviceTest.TransactionServiceTest.testCreateTransaction()  Time elapsed: 0 sec  <<< FAILURE!
java.lang.NullPointerException: Cannot invoke "com.example.accountservice.service.AccountService.getAccountById(java.lang.Long)" because "this.accountService" is null
	at seviceTest.TransactionServiceTest.testCreateTransaction(TransactionServiceTest.java:51)

seviceTest.TransactionServiceTest.testCreateTransactionAccountNotFound()  Time elapsed: 0 sec  <<< FAILURE!
java.lang.NullPointerException: Cannot invoke "com.example.accountservice.service.AccountService.getAccountById(java.lang.Long)" because "this.accountService" is null
	at seviceTest.TransactionServiceTest.testCreateTransactionAccountNotFound(TransactionServiceTest.java:65)

seviceTest.TransactionServiceTest.testGetTransactionsByAccountId()  Time elapsed: 0 sec  <<< FAILURE!
java.lang.NullPointerException: Cannot invoke "com.example.accountservice.repository.TransactionRepository.findByAccountId(java.lang.Long)" because "this.transactionRepository" is null
	at seviceTest.TransactionServiceTest.testGetTransactionsByAccountId(TransactionServiceTest.java:92)

