<?xml version="1.0" encoding="UTF-8" ?>
<testsuite tests="3" failures="3" name="seviceTest.AccountServiceTest" time="0" errors="0" skipped="0">
  <properties>
[...]
</properties>
  <testcase classname="seviceTest.AccountServiceTest" name="seviceTest.AccountServiceTest.testDepositAccountNotFound" time="0">
    <failure message="Cannot invoke &quot;com.example.accountservice.repository.AccountRepository.findByIdForUpdate(java.lang.Long)&quot; because &quot;this.accountRepository&quot; is null" type="java.lang.NullPointerException">java.lang.NullPointerException: Cannot invoke &quot;com.example.accountservice.repository.AccountRepository.findByIdForUpdate(java.lang.Long)&quot; because &quot;this.accountRepository&quot; is null
	at seviceTest.AccountServiceTest.testDepositAccountNotFound(AccountServiceTest.java:87)
</failure>
  </testcase>
  <testcase classname="seviceTest.AccountServiceTest" name="seviceTest.AccountServiceTest.testDeposit" time="0">
    <failure message="Cannot invoke &quot;com.example.accountservice.repository.AccountRepository.findByIdForUpdate(java.lang.Long)&quot; because &quot;this.accountRepository&quot; is null" type="java.lang.NullPointerException">java.lang.NullPointerException: Cannot invoke &quot;com.example.accountservice.repository.AccountRepository.findByIdForUpdate(java.lang.Long)&quot; because &quot;this.accountRepository&quot; is null
	at seviceTest.AccountServiceTest.testDeposit(AccountServiceTest.java:71)
</failure>
  </testcase>
  <testcase classname="seviceTest.AccountServiceTest" name="seviceTest.AccountServiceTest.testCreateAccount" time="0">
    <failure message="Cannot invoke &quot;com.example.accountservice.repository.UserRepository.findById(Object)&quot; because &quot;this.userRepository&quot; is null" type="java.lang.NullPointerException">java.lang.NullPointerException: Cannot invoke &quot;com.example.accountservice.repository.UserRepository.findById(Object)&quot; because &quot;this.userRepository&quot; is null
	at seviceTest.AccountServiceTest.testCreateAccount(AccountServiceTest.java:49)
</failure>
  </testcase>
</testsuite>